<?xml version="1.0" encoding="UTF-8"?>
<!-- Generated by org.testng.reporters.JUnitReportReporter -->
<testsuite hostname="NIS-PK608s-MacBook-Pro.local" failures="0" tests="5" name="com.personapi.testcases.TC001_GetAllPerson" time="0.025" errors="0" timestamp="2022-04-26T12:13:39 PKT" skipped="0">
  <testcase classname="com.personapi.testcases.TC001_GetAllPerson" name="checkResponseTime" time="0.002"/>
  <system-out/>
  <testcase classname="com.personapi.testcases.TC001_GetAllPerson" name="checkContentType" time="0.005"/>
  <system-out/>
  <testcase classname="com.personapi.testcases.TC001_GetAllPerson" name="checkStatusLine" time="0.001"/>
  <system-out/>
  <testcase classname="com.personapi.testcases.TC001_GetAllPerson" name="checkResponseBody" time="0.016"/>
  <system-out/>
  <testcase classname="com.personapi.testcases.TC001_GetAllPerson" name="checkStatusCode" time="0.001"/>
  <system-out/>
</testsuite> <!-- com.personapi.testcases.TC001_GetAllPerson -->
