<?xml version="1.0" encoding="UTF-8"?>
<!-- Generated by org.testng.reporters.JUnitReportReporter -->
<testsuite hostname="NIS-PK608s-MacBook-Pro.local" failures="0" tests="4" name="com.personapi.testcases.TC002_GetSinglePersonDetail" time="0.021" errors="0" timestamp="2022-04-25T14:04:34 PKT" skipped="0">
  <testcase classname="com.personapi.testcases.TC002_GetSinglePersonDetail" name="checkResponseTime" time="0.002"/>
  <system-out/>
  <testcase classname="com.personapi.testcases.TC002_GetSinglePersonDetail" name="checkResponseBody" time="0.017"/>
  <system-out/>
  <testcase classname="com.personapi.testcases.TC002_GetSinglePersonDetail" name="checkStatusCode" time="0.001"/>
  <system-out/>
  <testcase classname="com.personapi.testcases.TC002_GetSinglePersonDetail" name="checkStatusLine" time="0.001"/>
  <system-out/>
</testsuite> <!-- com.personapi.testcases.TC002_GetSinglePersonDetail -->
