<?xml version="1.0" encoding="UTF-8"?>
<!-- Generated by org.testng.reporters.JUnitReportReporter -->
<testsuite hostname="NIS-PK608s-MacBook-Pro.local" failures="0" tests="1" name="person.TC001_GetPersonDetail" time="0.787" errors="0" timestamp="2022-04-22T16:23:04 PKT" skipped="0">
  <testcase classname="person.TC001_GetPersonDetail" name="getAllPerson" time="0.787"/>
  <system-out/>
</testsuite> <!-- person.TC001_GetPersonDetail -->
