<?xml version="1.0" encoding="UTF-8"?>
<!-- Generated by org.testng.reporters.JUnitReportReporter -->
<testsuite hostname="NIS-PK608s-MacBook-Pro.local" failures="0" tests="5" name="com.personapi.testcases.TC003_GetSinglePerson" time="0.009" errors="0" timestamp="07 Jun 2022 13:02:32 GMT" skipped="0">
  <testcase classname="com.personapi.testcases.TC003_GetSinglePerson" name="checkContentType" time="0.001"/>
  <testcase classname="com.personapi.testcases.TC003_GetSinglePerson" name="checkResponseBody" time="0.002"/>
  <testcase classname="com.personapi.testcases.TC003_GetSinglePerson" name="checkStatusLine" time="0.002"/>
  <testcase classname="com.personapi.testcases.TC003_GetSinglePerson" name="checkStatusCode" time="0.002"/>
  <testcase classname="com.personapi.testcases.TC003_GetSinglePerson" name="checkResponseTime" time="0.002"/>
</testsuite> <!-- com.personapi.testcases.TC003_GetSinglePerson -->
