<?xml version="1.0" encoding="UTF-8"?>
<!-- Generated by org.testng.reporters.JUnitReportReporter -->
<testsuite hostname="NIS-PK608s-MacBook-Pro.local" failures="0" tests="5" name="com.personapi.testcases.TC004_PutPerson" time="0.010" errors="0" timestamp="19 May 2022 11:42:41 GMT" skipped="0">
  <testcase classname="com.personapi.testcases.TC004_PutPerson" name="checkStatusLine" time="0.002"/>
  <testcase classname="com.personapi.testcases.TC004_PutPerson" name="checkContentType" time="0.002"/>
  <testcase classname="com.personapi.testcases.TC004_PutPerson" name="checkStatusCode" time="0.002"/>
  <testcase classname="com.personapi.testcases.TC004_PutPerson" name="checkResponseTime" time="0.002"/>
  <testcase classname="com.personapi.testcases.TC004_PutPerson" name="verifyBody" time="0.002"/>
</testsuite> <!-- com.personapi.testcases.TC004_PutPerson -->
