<?xml version="1.0" encoding="UTF-8"?>
<!-- Generated by org.testng.reporters.JUnitReportReporter -->
<testsuite hostname="NIS-PK608s-MacBook-Pro.local" failures="0" tests="4" name="com.personapi.testcases.TC003_PostPerson" time="0.005" errors="0" timestamp="2022-04-26T12:13:39 PKT" skipped="0">
  <testcase classname="com.personapi.testcases.TC003_PostPerson" name="checkStatusCode" time="0.001"/>
  <system-out/>
  <testcase classname="com.personapi.testcases.TC003_PostPerson" name="checkContentType" time="0.001"/>
  <system-out/>
  <testcase classname="com.personapi.testcases.TC003_PostPerson" name="checkResponseTime" time="0.002"/>
  <system-out/>
  <testcase classname="com.personapi.testcases.TC003_PostPerson" name="checkStatusLine" time="0.001"/>
  <system-out/>
</testsuite> <!-- com.personapi.testcases.TC003_PostPerson -->
