<?xml version="1.0" encoding="UTF-8"?>
<!-- Generated by org.testng.reporters.JUnitReportReporter -->
<testsuite hostname="NIS-PK608s-MacBook-Pro.local" failures="0" tests="2" name="datadrivenTesting.DataDrivenTest_CreatePerson" time="5.748" errors="0" timestamp="25 Jun 2022 13:40:19 GMT" skipped="0">
  <testcase classname="datadrivenTesting.DataDrivenTest_CreatePerson" name="creatEmployee" time="0.013"/>
  <testcase classname="datadrivenTesting.DataDrivenTest_CreatePerson" name="creatEmployee" time="5.735"/>
</testsuite> <!-- datadrivenTesting.DataDrivenTest_CreatePerson -->
