<?xml version="1.0" encoding="UTF-8"?>
<!-- Generated by org.testng.reporters.JUnitReportReporter -->
<testsuite hostname="NIS-PK608s-MacBook-Pro.local" failures="0" tests="1" name="person.TC003_UpdatePerson" time="1.094" errors="0" timestamp="2022-04-22T16:23:27 PKT" skipped="0">
  <testcase classname="person.TC003_UpdatePerson" name="updatePerson" time="1.094"/>
  <system-out/>
</testsuite> <!-- person.TC003_UpdatePerson -->
