<?xml version="1.0" encoding="UTF-8"?>
<!-- Generated by org.testng.reporters.JUnitReportReporter -->
<testsuite hostname="NIS-PK608s-MacBook-Pro.local" failures="0" tests="5" name="com.personapi.testcases.TC003_GetAllPerson" time="0.008" errors="0" timestamp="2022-04-26T12:37:17 PKT" skipped="0">
  <testcase classname="com.personapi.testcases.TC003_GetAllPerson" name="checkStatusLine" time="0.002"/>
  <system-out/>
  <testcase classname="com.personapi.testcases.TC003_GetAllPerson" name="checkStatusCode" time="0.002"/>
  <system-out/>
  <testcase classname="com.personapi.testcases.TC003_GetAllPerson" name="checkResponseTime" time="0.001"/>
  <system-out/>
  <testcase classname="com.personapi.testcases.TC003_GetAllPerson" name="checkResponseBody" time="0.001"/>
  <system-out/>
  <testcase classname="com.personapi.testcases.TC003_GetAllPerson" name="checkContentType" time="0.002"/>
  <system-out/>
</testsuite> <!-- com.personapi.testcases.TC003_GetAllPerson -->
