<?xml version="1.0" encoding="UTF-8"?>
<!-- Generated by org.testng.reporters.JUnitReportReporter -->
<testsuite hostname="NIS-PK608s-MacBook-Pro.local" failures="0" tests="4" name="com.personapi.testcases.TC001_PostPerson" time="5.053" errors="0" timestamp="19 May 2022 11:42:41 GMT" skipped="0">
  <testcase classname="com.personapi.testcases.TC001_PostPerson" name="checkStatusCode" time="0.002"/>
  <testcase classname="com.personapi.testcases.TC001_PostPerson" name="checkStatusLine" time="0.002"/>
  <testcase classname="com.personapi.testcases.TC001_PostPerson" name="checkContentType" time="5.047"/>
  <testcase classname="com.personapi.testcases.TC001_PostPerson" name="checkResponseTime" time="0.002"/>
</testsuite> <!-- com.personapi.testcases.TC001_PostPerson -->
