<?xml version="1.0" encoding="UTF-8"?>
<!-- Generated by org.testng.reporters.JUnitReportReporter -->
<testsuite hostname="NIS-PK608s-MacBook-Pro.local" failures="0" tests="1" name="person.TC006_ValidateJSONResponse" time="0.904" errors="0" timestamp="2022-04-23T00:43:23 PKT" skipped="0">
  <testcase classname="person.TC006_ValidateJSONResponse" name="validateJSONResponse" time="0.904"/>
  <system-out/>
</testsuite> <!-- person.TC006_ValidateJSONResponse -->
