<?xml version="1.0" encoding="UTF-8"?>
<!-- Generated by org.testng.reporters.JUnitReportReporter -->
<testsuite hostname="NIS-PK608s-MacBook-Pro.local" failures="0" tests="1" name="person.TC005_GetAllHeaders" time="0.758" errors="0" timestamp="2022-04-23T00:38:11 PKT" skipped="0">
  <testcase classname="person.TC005_GetAllHeaders" name="getAllPerson" time="0.758"/>
  <system-out/>
</testsuite> <!-- person.TC005_GetAllHeaders -->
