<?xml version="1.0" encoding="UTF-8"?>
<!-- Generated by org.testng.reporters.JUnitReportReporter -->
<testsuite hostname="NIS-PK608s-MacBook-Pro.local" failures="0" tests="4" name="com.personapi.testcases.TC001_GetPersonDetail" time="0.020" errors="0" timestamp="2022-04-25T13:25:27 PKT" skipped="0">
  <testcase classname="com.personapi.testcases.TC001_GetPersonDetail" name="checkResponseTime" time="0.002"/>
  <system-out/>
  <testcase classname="com.personapi.testcases.TC001_GetPersonDetail" name="checkResponseBody" time="0.016"/>
  <system-out/>
  <testcase classname="com.personapi.testcases.TC001_GetPersonDetail" name="checkStatusCode" time="0.001"/>
  <system-out/>
  <testcase classname="com.personapi.testcases.TC001_GetPersonDetail" name="checkStatusLine" time="0.001"/>
  <system-out/>
</testsuite> <!-- com.personapi.testcases.TC001_GetPersonDetail -->
