<?xml version="1.0" encoding="UTF-8"?>
<!-- Generated by org.testng.reporters.JUnitReportReporter -->
<testsuite hostname="NIS-PK608s-MacBook-Pro.local" failures="0" tests="1" name="person.TC007_ExtractValueOfEachNodeInJson" time="1.116" errors="0" timestamp="2022-04-23T01:01:33 PKT" skipped="0">
  <testcase classname="person.TC007_ExtractValueOfEachNodeInJson" name="extractValueOfEachNodeInJson" time="1.116"/>
  <system-out/>
</testsuite> <!-- person.TC007_ExtractValueOfEachNodeInJson -->
