<?xml version="1.0" encoding="UTF-8"?>
<!-- Generated by org.testng.reporters.JUnitReportReporter -->
<testsuite hostname="nis-pk608s-mbp.home" failures="0" tests="5" name="com.personapi.testcases.TC003_GetSinglePerson" time="0.012" errors="0" timestamp="2022-04-28T11:05:36 PKT" skipped="0">
  <testcase classname="com.personapi.testcases.TC003_GetSinglePerson" name="checkStatusCode" time="0.002"/>
  <system-out/>
  <testcase classname="com.personapi.testcases.TC003_GetSinglePerson" name="checkContentType" time="0.003"/>
  <system-out/>
  <testcase classname="com.personapi.testcases.TC003_GetSinglePerson" name="checkResponseTime" time="0.002"/>
  <system-out/>
  <testcase classname="com.personapi.testcases.TC003_GetSinglePerson" name="checkStatusLine" time="0.002"/>
  <system-out/>
  <testcase classname="com.personapi.testcases.TC003_GetSinglePerson" name="checkResponseBody" time="0.003"/>
  <system-out/>
</testsuite> <!-- com.personapi.testcases.TC003_GetSinglePerson -->
